OptimFROGcpp Decoder v5100
--- OFR File Info ---
Sample Rate: 44100 Hz
Channels: 1
Bit Depth: 16 bits
Total Samples: 44100
Attempting to decode...
Initial comp_magic = 0x504d4f43
OFR_Predictor::init called!
Predictor init from bitstream: wp=1701, int=64, order=2048, uVar13=18
Entropy init: type = 1
init_from_bitstream: uVar7=260, range after=32768
decode_tree: range=134217728, value=20281343, total_freq=32, step=4194304, val=4
Entropy dest[0] = 2
decode_tree: range=1073741824, value=897056590, total_freq=34, step=31580641, val=28
Entropy dest[1] = 13
decode_tree: range=31580641, value=12798642, total_freq=36, step=877240, val=14
Entropy dest[2] = 6
decode_tree: range=224573440, value=132424325, total_freq=38, step=5909827, val=22
Entropy dest[3] = 9
decode_tree: range=1512915712, value=616481630, total_freq=40, step=37822892, val=16
Entropy dest[4] = 6
Entropy dest[5] = 12
Entropy dest[6] = 3
Entropy dest[7] = -5
Entropy dest[8] = 3
Entropy dest[9] = 6
ERROR: escape new_bits=14 >= bit_depth=13
